#
# There is insufficient memory for the Java Runtime Environment to continue.
# Native memory allocation (malloc) failed to allocate 438496 bytes for Chunk::new
# Possible reasons:
#   The system is out of physical RAM or swap space
#   In 32 bit mode, the process size limit was hit
# Possible solutions:
#   Reduce memory load on the system
#   Increase physical memory or swap space
#   Check if swap backing store is full
#   Use 64 bit Java on a 64 bit OS
#   Decrease Java heap size (-Xmx/-Xms)
#   Decrease number of Java threads
#   Decrease Java thread stack sizes (-Xss)
#   Set larger code cache with -XX:ReservedCodeCacheSize=
# This output file may be truncated or incomplete.
#
#  Out of Memory Error (allocation.cpp:390), pid=18404, tid=0x00000000000043a4
#
# JRE version: Java(TM) SE Runtime Environment (8.0_144-b01) (build 1.8.0_144-b01)
# Java VM: Java HotSpot(TM) 64-Bit Server VM (25.144-b01 mixed mode windows-amd64 compressed oops)
# Failed to write core dump. Minidumps are not enabled by default on client versions of Windows
#

---------------  T H R E A D  ---------------

Current thread (0x0000000015198000):  JavaThread "C2 CompilerThread1" daemon [_thread_in_native, id=17316, stack(0x00000000168f0000,0x00000000169f0000)]

Stack: [0x00000000168f0000,0x00000000169f0000]
[error occurred during error reporting (printing stack bounds), id 0xc0000005]

Native frames: (J=compiled Java code, j=interpreted, Vv=VM code, C=native code)


Current CompileTask:
C2:   3268  806       4       java.io.WinNTFileSystem::normalize (143 bytes)


---------------  P R O C E S S  ---------------

Java Threads: ( => current thread )
  0x00000000151ed800 JavaThread "Service Thread" daemon [_thread_blocked, id=16704, stack(0x0000000016ef0000,0x0000000016ff0000)]
  0x000000001519d000 JavaThread "C1 CompilerThread2" daemon [_thread_in_native, id=11724, stack(0x00000000169f0000,0x0000000016af0000)]
=>0x0000000015198000 JavaThread "C2 CompilerThread1" daemon [_thread_in_native, id=17316, stack(0x00000000168f0000,0x00000000169f0000)]
  0x0000000015190000 JavaThread "C2 CompilerThread0" daemon [_thread_in_native, id=15544, stack(0x00000000167f0000,0x00000000168f0000)]
  0x000000001518f000 JavaThread "Attach Listener" daemon [_thread_blocked, id=17600, stack(0x00000000166f0000,0x00000000167f0000)]
  0x000000001518c000 JavaThread "Signal Dispatcher" daemon [_thread_blocked, id=11088, stack(0x00000000165f0000,0x00000000166f0000)]
  0x000000001517a800 JavaThread "Finalizer" daemon [_thread_blocked, id=4360, stack(0x00000000163f0000,0x00000000164f0000)]
  0x0000000002bc0000 JavaThread "Reference Handler" daemon [_thread_blocked, id=8292, stack(0x00000000162f0000,0x00000000163f0000)]
  0x00000000028ee000 JavaThread "main" [_thread_in_native, id=14020, stack(0x00000000029d0000,0x0000000002ad0000)]

Other Threads:
  0x0000000015158000 VMThread [stack: 0x00000000161f0000,0x00000000162f0000] [id=14248]
  0x0000000016b54800 WatcherThread [stack: 0x0000000016ff0000,0x00000000170f0000] [id=16544]

VM state:not at safepoint (normal execution)

VM Mutex/Monitor currently owned by a thread: None

Heap:
 PSYoungGen      total 18944K, used 9171K [0x00000000eb500000, 0x00000000eda00000, 0x0000000100000000)
  eden space 16384K, 40% used [0x00000000eb500000,0x00000000ebb7b840,0x00000000ec500000)
  from space 2560K, 98% used [0x00000000ec500000,0x00000000ec7794b8,0x00000000ec780000)
  to   space 2560K, 0% used [0x00000000ed780000,0x00000000ed780000,0x00000000eda00000)
 ParOldGen       total 44032K, used 1327K [0x00000000c1e00000, 0x00000000c4900000, 0x00000000eb500000)
  object space 44032K, 3% used [0x00000000c1e00000,0x00000000c1f4bf20,0x00000000c4900000)
 Metaspace       used 12566K, capacity 12734K, committed 13056K, reserved 1060864K
  class space    used 1709K, capacity 1763K, committed 1792K, reserved 1048576K

Card table byte_map: [0x0000000011f90000,0x0000000012190000] byte_map_base: 0x0000000011981000

Marking Bits: (ParMarkBitMap*) 0x0000000070c6d850
 Begin Bits: [0x00000000126e0000, 0x0000000013668000)
 End Bits:   [0x0000000013668000, 0x00000000145f0000)

Polling page: 0x0000000002850000

CodeCache: size=245760Kb used=3219Kb max_used=3219Kb free=242541Kb
 bounds [0x0000000002bd0000, 0x0000000002f00000, 0x0000000011bd0000]
 total_blobs=1160 nmethods=831 adapters=242
 compilation: enabled

Compilation events (10 events):
Event: 2.477 Thread 0x000000001519d000  816       3       java.util.jar.JarFile::access$200 (5 bytes)
Event: 2.477 Thread 0x000000001519d000 nmethod 816 0x0000000002ee7f90 code [0x0000000002ee8100, 0x0000000002ee8268]
Event: 2.477 Thread 0x000000001519d000  817       3       java.net.URLStreamHandler::equals (45 bytes)
Event: 2.477 Thread 0x000000001519d000 nmethod 817 0x0000000002ee8310 code [0x0000000002ee84a0, 0x0000000002ee89b8]
Event: 2.483 Thread 0x000000001519d000  818       3       sun.net.www.protocol.file.Handler::hostsEqual (69 bytes)
Event: 2.484 Thread 0x000000001519d000 nmethod 818 0x0000000002ee8b10 code [0x0000000002ee8cc0, 0x0000000002ee9428]
Event: 2.484 Thread 0x000000001519d000  819       3       java.security.CodeSource::matchCerts (254 bytes)
Event: 2.485 Thread 0x000000001519d000 nmethod 819 0x0000000002ee95d0 code [0x0000000002ee97e0, 0x0000000002eea358]
Event: 2.491 Thread 0x000000001519d000  820   !   3       sun.misc.URLClassPath$JarLoader::getResource (353 bytes)
Event: 2.535 Thread 0x000000001519d000 nmethod 820 0x0000000002eea890 code [0x0000000002eeaca0, 0x0000000002eeca88]

GC Heap History (6 events):
Event: 1.461 GC heap before
{Heap before GC invocations=1 (full 0):
 PSYoungGen      total 18944K, used 16376K [0x00000000eb500000, 0x00000000eca00000, 0x0000000100000000)
  eden space 16384K, 99% used [0x00000000eb500000,0x00000000ec4fe2a8,0x00000000ec500000)
  from space 2560K, 0% used [0x00000000ec780000,0x00000000ec780000,0x00000000eca00000)
  to   space 2560K, 0% used [0x00000000ec500000,0x00000000ec500000,0x00000000ec780000)
 ParOldGen       total 44032K, used 0K [0x00000000c1e00000, 0x00000000c4900000, 0x00000000eb500000)
  object space 44032K, 0% used [0x00000000c1e00000,0x00000000c1e00000,0x00000000c4900000)
 Metaspace       used 2702K, capacity 4486K, committed 4864K, reserved 1056768K
  class space    used 301K, capacity 386K, committed 512K, reserved 1048576K
Event: 1.463 GC heap after
Heap after GC invocations=1 (full 0):
 PSYoungGen      total 18944K, used 655K [0x00000000eb500000, 0x00000000eca00000, 0x0000000100000000)
  eden space 16384K, 0% used [0x00000000eb500000,0x00000000eb500000,0x00000000ec500000)
  from space 2560K, 25% used [0x00000000ec500000,0x00000000ec5a3dd0,0x00000000ec780000)
  to   space 2560K, 0% used [0x00000000ec780000,0x00000000ec780000,0x00000000eca00000)
 ParOldGen       total 44032K, used 8K [0x00000000c1e00000, 0x00000000c4900000, 0x00000000eb500000)
  object space 44032K, 0% used [0x00000000c1e00000,0x00000000c1e02000,0x00000000c4900000)
 Metaspace       used 2702K, capacity 4486K, committed 4864K, reserved 1056768K
  class space    used 301K, capacity 386K, committed 512K, reserved 1048576K
}
Event: 1.469 GC heap before
{Heap before GC invocations=2 (full 0):
 PSYoungGen      total 18944K, used 17007K [0x00000000eb500000, 0x00000000eca00000, 0x0000000100000000)
  eden space 16384K, 99% used [0x00000000eb500000,0x00000000ec4f8150,0x00000000ec500000)
  from space 2560K, 25% used [0x00000000ec500000,0x00000000ec5a3dd0,0x00000000ec780000)
  to   space 2560K, 0% used [0x00000000ec780000,0x00000000ec780000,0x00000000eca00000)
 ParOldGen       total 44032K, used 8K [0x00000000c1e00000, 0x00000000c4900000, 0x00000000eb500000)
  object space 44032K, 0% used [0x00000000c1e00000,0x00000000c1e02000,0x00000000c4900000)
 Metaspace       used 2702K, capacity 4486K, committed 4864K, reserved 1056768K
  class space    used 301K, capacity 386K, committed 512K, reserved 1048576K
Event: 1.470 GC heap after
Heap after GC invocations=2 (full 0):
 PSYoungGen      total 18944K, used 564K [0x00000000eb500000, 0x00000000eda00000, 0x0000000100000000)
  eden space 16384K, 0% used [0x00000000eb500000,0x00000000eb500000,0x00000000ec500000)
  from space 2560K, 22% used [0x00000000ec780000,0x00000000ec80d240,0x00000000eca00000)
  to   space 2560K, 0% used [0x00000000ec500000,0x00000000ec500000,0x00000000ec780000)
 ParOldGen       total 44032K, used 8K [0x00000000c1e00000, 0x00000000c4900000, 0x00000000eb500000)
  object space 44032K, 0% used [0x00000000c1e00000,0x00000000c1e02000,0x00000000c4900000)
 Metaspace       used 2702K, capacity 4486K, committed 4864K, reserved 1056768K
  class space    used 301K, capacity 386K, committed 512K, reserved 1048576K
}
Event: 2.226 GC heap before
{Heap before GC invocations=3 (full 0):
 PSYoungGen      total 18944K, used 16948K [0x00000000eb500000, 0x00000000eda00000, 0x0000000100000000)
  eden space 16384K, 100% used [0x00000000eb500000,0x00000000ec500000,0x00000000ec500000)
  from space 2560K, 22% used [0x00000000ec780000,0x00000000ec80d240,0x00000000eca00000)
  to   space 2560K, 0% used [0x00000000ec500000,0x00000000ec500000,0x00000000ec780000)
 ParOldGen       total 44032K, used 8K [0x00000000c1e00000, 0x00000000c4900000, 0x00000000eb500000)
  object space 44032K, 0% used [0x00000000c1e00000,0x00000000c1e02000,0x00000000c4900000)
 Metaspace       used 9248K, capacity 9408K, committed 9600K, reserved 1056768K
  class space    used 1238K, capacity 1304K, committed 1408K, reserved 1048576K
Event: 2.234 GC heap after
Heap after GC invocations=3 (full 0):
 PSYoungGen      total 18944K, used 2533K [0x00000000eb500000, 0x00000000eda00000, 0x0000000100000000)
  eden space 16384K, 0% used [0x00000000eb500000,0x00000000eb500000,0x00000000ec500000)
  from space 2560K, 98% used [0x00000000ec500000,0x00000000ec7794b8,0x00000000ec780000)
  to   space 2560K, 0% used [0x00000000ed780000,0x00000000ed780000,0x00000000eda00000)
 ParOldGen       total 44032K, used 1327K [0x00000000c1e00000, 0x00000000c4900000, 0x00000000eb500000)
  object space 44032K, 3% used [0x00000000c1e00000,0x00000000c1f4bf20,0x00000000c4900000)
 Metaspace       used 9248K, capacity 9408K, committed 9600K, reserved 1056768K
  class space    used 1238K, capacity 1304K, committed 1408K, reserved 1048576K
}

Deoptimization events (6 events):
Event: 2.189 Thread 0x00000000028ee000 Uncommon trap: reason=unstable_if action=reinterpret pc=0x0000000002e35184 method=java.util.HashMap.getNode(ILjava/lang/Object;)Ljava/util/HashMap$Node; @ 129
Event: 2.209 Thread 0x00000000028ee000 Uncommon trap: reason=unstable_if action=reinterpret pc=0x0000000002e30fb8 method=java.util.HashMap.getNode(ILjava/lang/Object;)Ljava/util/HashMap$Node; @ 129
Event: 2.215 Thread 0x00000000028ee000 Uncommon trap: reason=range_check action=make_not_entrant pc=0x0000000002e40820 method=sun.reflect.generics.parser.SignatureParser.current()C @ 34
Event: 2.288 Thread 0x00000000028ee000 Uncommon trap: reason=unstable_if action=reinterpret pc=0x0000000002e4343c method=sun.misc.MetaIndex.mayContain(Ljava/lang/String;)Z @ 38
Event: 2.288 Thread 0x00000000028ee000 Uncommon trap: reason=unstable_if action=reinterpret pc=0x0000000002da0134 method=sun.misc.MetaIndex.mayContain(Ljava/lang/String;)Z @ 38
Event: 2.346 Thread 0x00000000028ee000 Uncommon trap: reason=unstable_if action=reinterpret pc=0x0000000002df1348 method=java.lang.AbstractStringBuilder.append(Ljava/lang/String;)Ljava/lang/AbstractStringBuilder; @ 1

Internal exceptions (10 events):
Event: 2.140 Thread 0x00000000028ee000 Exception <a 'java/lang/NullPointerException'> (0x00000000ec386988) thrown at [C:\re\workspace\8-2-build-windows-amd64-cygwin\jdk8u144\9417\hotspot\src\share\vm\interpreter\linkResolver.cpp, line 1299]
Event: 2.205 Thread 0x00000000028ee000 Exception <a 'java/lang/ArrayIndexOutOfBoundsException'> (0x00000000ec433220) thrown at [C:\re\workspace\8-2-build-windows-amd64-cygwin\jdk8u144\9417\hotspot\src\share\vm\runtime\sharedRuntime.cpp, line 605]
Event: 2.205 Thread 0x00000000028ee000 Exception <a 'java/lang/ArrayIndexOutOfBoundsException'> (0x00000000ec4344f8) thrown at [C:\re\workspace\8-2-build-windows-amd64-cygwin\jdk8u144\9417\hotspot\src\share\vm\runtime\sharedRuntime.cpp, line 605]
Event: 2.206 Thread 0x00000000028ee000 Exception <a 'java/lang/ArrayIndexOutOfBoundsException'> (0x00000000ec435c08) thrown at [C:\re\workspace\8-2-build-windows-amd64-cygwin\jdk8u144\9417\hotspot\src\share\vm\runtime\sharedRuntime.cpp, line 605]
Event: 2.216 Thread 0x00000000028ee000 Exception <a 'java/lang/ArrayIndexOutOfBoundsException': 79> (0x00000000ec486a18) thrown at [C:\re\workspace\8-2-build-windows-amd64-cygwin\jdk8u144\9417\hotspot\src\share\vm\interpreter\interpreterRuntime.cpp, line 366]
Event: 2.216 Thread 0x00000000028ee000 Exception <a 'java/lang/ArrayIndexOutOfBoundsException': 81> (0x00000000ec487c18) thrown at [C:\re\workspace\8-2-build-windows-amd64-cygwin\jdk8u144\9417\hotspot\src\share\vm\interpreter\interpreterRuntime.cpp, line 366]
Event: 2.216 Thread 0x00000000028ee000 Exception <a 'java/lang/ArrayIndexOutOfBoundsException': 78> (0x00000000ec488bc0) thrown at [C:\re\workspace\8-2-build-windows-amd64-cygwin\jdk8u144\9417\hotspot\src\share\vm\interpreter\interpreterRuntime.cpp, line 366]
Event: 2.216 Thread 0x00000000028ee000 Exception <a 'java/lang/ArrayIndexOutOfBoundsException': 83> (0x00000000ec489b90) thrown at [C:\re\workspace\8-2-build-windows-amd64-cygwin\jdk8u144\9417\hotspot\src\share\vm\interpreter\interpreterRuntime.cpp, line 366]
Event: 2.216 Thread 0x00000000028ee000 Exception <a 'java/lang/ArrayIndexOutOfBoundsException': 38> (0x00000000ec48a718) thrown at [C:\re\workspace\8-2-build-windows-amd64-cygwin\jdk8u144\9417\hotspot\src\share\vm\interpreter\interpreterRuntime.cpp, line 366]
Event: 2.346 Thread 0x00000000028ee000 Implicit null exception at 0x0000000002df0f96 to 0x0000000002df1331

Events (10 events):
Event: 2.533 loading class org/hibernate/annotations/common/reflection/java/JavaXType
Event: 2.533 loading class org/hibernate/annotations/common/reflection/java/JavaXType done
Event: 2.534 loading class org/hibernate/annotations/common/reflection/java/JavaXArrayType
Event: 2.534 loading class org/hibernate/annotations/common/reflection/java/JavaXArrayType done
Event: 2.534 loading class org/hibernate/annotations/common/reflection/java/JavaXCollectionType
Event: 2.534 loading class org/hibernate/annotations/common/reflection/java/JavaXCollectionType done
Event: 2.535 loading class org/hibernate/annotations/common/reflection/java/JavaXSimpleType
Event: 2.535 loading class org/hibernate/annotations/common/reflection/java/JavaXSimpleType done
Event: 2.535 loading class org/hibernate/annotations/common/Version
Event: 2.535 loading class org/hibernate/annotations/common/Version done


Dynamic libraries:
0x00007ff7bb8c0000 - 0x00007ff7bb8f7000 	C:\Program Files\Java\jre1.8.0_144\bin\javaw.exe
0x00007fff4cec0000 - 0x00007fff4d0b0000 	C:\WINDOWS\SYSTEM32\ntdll.dll
0x00007fff4c560000 - 0x00007fff4c612000 	C:\WINDOWS\System32\KERNEL32.DLL
0x00007fff49e50000 - 0x00007fff4a0f3000 	C:\WINDOWS\System32\KERNELBASE.dll
0x00007fff4bed0000 - 0x00007fff4bf73000 	C:\WINDOWS\System32\ADVAPI32.dll
0x00007fff4b8d0000 - 0x00007fff4b96e000 	C:\WINDOWS\System32\msvcrt.dll
0x00007fff4bc40000 - 0x00007fff4bcd7000 	C:\WINDOWS\System32\sechost.dll
0x00007fff4aff0000 - 0x00007fff4b110000 	C:\WINDOWS\System32\RPCRT4.dll
0x00007fff4b630000 - 0x00007fff4b7c4000 	C:\WINDOWS\System32\USER32.dll
0x00007fff4a2b0000 - 0x00007fff4a2d1000 	C:\WINDOWS\System32\win32u.dll
0x00007fff4bea0000 - 0x00007fff4bec6000 	C:\WINDOWS\System32\GDI32.dll
0x00007fff4adb0000 - 0x00007fff4af44000 	C:\WINDOWS\System32\gdi32full.dll
0x00007fff4a4e0000 - 0x00007fff4a57e000 	C:\WINDOWS\System32\msvcp_win.dll
0x00007fff4a2e0000 - 0x00007fff4a3da000 	C:\WINDOWS\System32\ucrtbase.dll
0x00007fff2c980000 - 0x00007fff2cc05000 	C:\WINDOWS\WinSxS\amd64_microsoft.windows.common-controls_6595b64144ccf1df_6.0.18362.418_none_e6c6b287130d565d\COMCTL32.dll
0x00007fff4b2f0000 - 0x00007fff4b626000 	C:\WINDOWS\System32\combase.dll
0x00007fff4a5b0000 - 0x00007fff4a630000 	C:\WINDOWS\System32\bcryptPrimitives.dll
0x00007fff4c620000 - 0x00007fff4c64e000 	C:\WINDOWS\System32\IMM32.DLL
0x0000000070370000 - 0x0000000070442000 	C:\Program Files\Java\jre1.8.0_144\bin\msvcr100.dll
0x0000000070450000 - 0x0000000070ced000 	C:\Program Files\Java\jre1.8.0_144\bin\server\jvm.dll
0x00007fff4be90000 - 0x00007fff4be98000 	C:\WINDOWS\System32\PSAPI.DLL
0x00007fff44d00000 - 0x00007fff44d0a000 	C:\WINDOWS\SYSTEM32\VERSION.dll
0x00007fff40de0000 - 0x00007fff40e04000 	C:\WINDOWS\SYSTEM32\WINMM.dll
0x00007fff45370000 - 0x00007fff45379000 	C:\WINDOWS\SYSTEM32\WSOCK32.dll
0x00007fff4c650000 - 0x00007fff4c6bf000 	C:\WINDOWS\System32\WS2_32.dll
0x00007fff40da0000 - 0x00007fff40dcd000 	C:\WINDOWS\SYSTEM32\winmmbase.dll
0x00007fff4a3e0000 - 0x00007fff4a42a000 	C:\WINDOWS\System32\cfgmgr32.dll
0x0000000071280000 - 0x000000007128f000 	C:\Program Files\Java\jre1.8.0_144\bin\verify.dll
0x0000000070340000 - 0x0000000070369000 	C:\Program Files\Java\jre1.8.0_144\bin\java.dll
0x0000000070320000 - 0x0000000070336000 	C:\Program Files\Java\jre1.8.0_144\bin\zip.dll
0x00007fff4c6c0000 - 0x00007fff4cda5000 	C:\WINDOWS\System32\SHELL32.dll
0x00007fff4bb90000 - 0x00007fff4bc39000 	C:\WINDOWS\System32\shcore.dll
0x00007fff4a630000 - 0x00007fff4adaf000 	C:\WINDOWS\System32\windows.storage.dll
0x00007fff49dc0000 - 0x00007fff49ddf000 	C:\WINDOWS\System32\profapi.dll
0x00007fff49e00000 - 0x00007fff49e4a000 	C:\WINDOWS\System32\powrprof.dll
0x00007fff49d90000 - 0x00007fff49da0000 	C:\WINDOWS\System32\UMPDC.dll
0x00007fff4bf80000 - 0x00007fff4bfd2000 	C:\WINDOWS\System32\shlwapi.dll
0x00007fff49de0000 - 0x00007fff49df1000 	C:\WINDOWS\System32\kernel.appcore.dll
0x00007fff4af50000 - 0x00007fff4af67000 	C:\WINDOWS\System32\cryptsp.dll
0x00007fff49110000 - 0x00007fff49143000 	C:\WINDOWS\system32\rsaenh.dll
0x00007fff4a580000 - 0x00007fff4a5a6000 	C:\WINDOWS\System32\bcrypt.dll
0x00007fff49c80000 - 0x00007fff49ca5000 	C:\WINDOWS\SYSTEM32\USERENV.dll
0x00007fff49770000 - 0x00007fff4977c000 	C:\WINDOWS\SYSTEM32\CRYPTBASE.dll
0x0000000070300000 - 0x000000007031a000 	C:\Program Files\Java\jre1.8.0_144\bin\net.dll
0x00007fff495a0000 - 0x00007fff49607000 	C:\WINDOWS\system32\mswsock.dll
0x00007fff492b0000 - 0x00007fff492ea000 	C:\WINDOWS\SYSTEM32\IPHLPAPI.DLL
0x00007fff4b8c0000 - 0x00007fff4b8c8000 	C:\WINDOWS\System32\NSI.dll
0x00007fff43f70000 - 0x00007fff43f86000 	C:\WINDOWS\SYSTEM32\dhcpcsvc6.DLL
0x00007fff44340000 - 0x00007fff4435c000 	C:\WINDOWS\SYSTEM32\dhcpcsvc.DLL
0x00007fff492f0000 - 0x00007fff493ba000 	C:\WINDOWS\SYSTEM32\DNSAPI.dll

VM Arguments:
jvm_args: -Dfile.encoding=UTF-8 
java_command: com.Term.Entity.service.TermService
java_class_path (initial): C:\Program Files\Java\jre1.8.0_144\lib\resources.jar;C:\Program Files\Java\jre1.8.0_144\lib\rt.jar;C:\Program Files\Java\jre1.8.0_144\lib\jsse.jar;C:\Program Files\Java\jre1.8.0_144\lib\jce.jar;C:\Program Files\Java\jre1.8.0_144\lib\charsets.jar;C:\Program Files\Java\jre1.8.0_144\lib\jfr.jar;C:\Program Files\Java\jre1.8.0_144\lib\ext\access-bridge-64.jar;C:\Program Files\Java\jre1.8.0_144\lib\ext\cldrdata.jar;C:\Program Files\Java\jre1.8.0_144\lib\ext\dnsns.jar;C:\Program Files\Java\jre1.8.0_144\lib\ext\jaccess.jar;C:\Program Files\Java\jre1.8.0_144\lib\ext\jfxrt.jar;C:\Program Files\Java\jre1.8.0_144\lib\ext\localedata.jar;C:\Program Files\Java\jre1.8.0_144\lib\ext\nashorn.jar;C:\Program Files\Java\jre1.8.0_144\lib\ext\sunec.jar;C:\Program Files\Java\jre1.8.0_144\lib\ext\sunjce_provider.jar;C:\Program Files\Java\jre1.8.0_144\lib\ext\sunmscapi.jar;C:\Program Files\Java\jre1.8.0_144\lib\ext\sunpkcs11.jar;C:\Program Files\Java\jre1.8.0_144\lib\ext\zipfs.jar;D:\Eclipse workspace\Term\target\classes;C:\Users\admin\.m2\repository\org\hibernate\hibernate-core\5.3.2.Final\hibernate-core-5.3.2.Final.jar;C:\Users\admin\.m2\repository\org\jboss\logging\jboss-logging\3.3.2.Final\jboss-logging-3.3.2.Final.jar;C:\Users\admin\.m2\repository\javax\persistence\javax.persistence-api\2.2\javax.persistence-api-2.2.jar;C:\Users\admin\.m2\repository\org\javassist\javassist\3.22.0-GA\javassist-3.22.0-GA.jar;C:\Users\admin\.m2\repository\net\bytebuddy\byte-buddy\1.8.12\byte-buddy-1.8.12.jar;C:\Users\admin\.m2\repository\antlr\antlr\2.7.7\antlr-2.7.7.jar;C:\Users\admin\.m2\repository\org\jboss\spec\javax\transaction\jboss-transaction-api_1.2_spec\1.1.1.Final\jboss-transaction-api_1.2_spec-1.1.1.Final.jar;C:\Users\admin\.m2\repository\org\jboss\jandex\2.0.5.Final\jandex-2.0.5.Final.jar;C:\Users\admin\.m2\repository\com\fasterxml\classmate\1.3.4\classmate-1.3.4.jar;C:\Users\admin\.m2\repository\javax\activation\javax.activation-api\1.2.0\javax.activation-api-1.2.
Launcher Type: SUN_STANDARD

Environment Variables:
PATH=C:/Program Files/Java/jre1.8.0_144/bin/server;C:/Program Files/Java/jre1.8.0_144/bin;C:/Program Files/Java/jre1.8.0_144/lib/amd64;C:\ProgramData\Oracle\Java\javapath;C:\WINDOWS\system32;C:\WINDOWS;C:\WINDOWS\System32\Wbem;C:\WINDOWS\System32\WindowsPowerShell\v1.0\;C:\ProgramData\chocolatey\bin;;C:\WINDOWS\System32\OpenSSH\;C:\Program Files\nodejs\;C:\Users\admin\AppData\Local\Microsoft\WindowsApps;D:\Java program files\apache-maven-3.5.0-bin\apache-maven-3.5.0\bin;C:\Users\admin\AppData\Roaming\npm;C:\Users\admin\AppData\Local\Programs\Microsoft VS Code\bin;D:\Java program files\eclipse;
USERNAME=admin
OS=Windows_NT
PROCESSOR_IDENTIFIER=Intel64 Family 6 Model 78 Stepping 3, GenuineIntel



---------------  S Y S T E M  ---------------

OS: Windows 10.0 , 64 bit Build 18362 (10.0.18362.329)

CPU:total 4 (initial active 4) (2 cores per cpu, 2 threads per core) family 6 model 78 stepping 3, cmov, cx8, fxsr, mmx, sse, sse2, sse3, ssse3, sse4.1, sse4.2, popcnt, avx, avx2, aes, clmul, erms, 3dnowpref, lzcnt, ht, tsc, tscinvbit, bmi1, bmi2, adx

Memory: 4k page, physical 4065932k(360272k free), swap 16648844k(32k free)

vm_info: Java HotSpot(TM) 64-Bit Server VM (25.144-b01) for windows-amd64 JRE (1.8.0_144-b01), built on Jul 21 2017 21:57:33 by "java_re" with MS VC++ 10.0 (VS2010)

time: Tue Nov 05 12:46:59 2019
elapsed time: 3 seconds (0d 0h 0m 3s)

