#
# There is insufficient memory for the Java Runtime Environment to continue.
# Native memory allocation (malloc) failed to allocate 1330736 bytes for Chunk::new
# Possible reasons:
#   The system is out of physical RAM or swap space
#   In 32 bit mode, the process size limit was hit
# Possible solutions:
#   Reduce memory load on the system
#   Increase physical memory or swap space
#   Check if swap backing store is full
#   Use 64 bit Java on a 64 bit OS
#   Decrease Java heap size (-Xmx/-Xms)
#   Decrease number of Java threads
#   Decrease Java thread stack sizes (-Xss)
#   Set larger code cache with -XX:ReservedCodeCacheSize=
# This output file may be truncated or incomplete.
#
#  Out of Memory Error (allocation.cpp:390), pid=14624, tid=0x0000000000003fe0
#
# JRE version: Java(TM) SE Runtime Environment (8.0_144-b01) (build 1.8.0_144-b01)
# Java VM: Java HotSpot(TM) 64-Bit Server VM (25.144-b01 mixed mode windows-amd64 compressed oops)
# Failed to write core dump. Minidumps are not enabled by default on client versions of Windows
#

---------------  T H R E A D  ---------------

Current thread (0x0000000015a20000):  JavaThread "C2 CompilerThread0" daemon [_thread_in_native, id=16352, stack(0x0000000017070000,0x0000000017170000)]

Stack: [0x0000000017070000,0x0000000017170000]
[error occurred during error reporting (printing stack bounds), id 0xc0000005]

Native frames: (J=compiled Java code, j=interpreted, Vv=VM code, C=native code)


Current CompileTask:
C2:  15223 1336       4       java.net.URLClassLoader$1::run (5 bytes)


---------------  P R O C E S S  ---------------

Java Threads: ( => current thread )
  0x000000001808b000 JavaThread "pool-1-thread-1" [_thread_blocked, id=16728, stack(0x0000000019d80000,0x0000000019e80000)]
  0x00000000185ac000 JavaThread "Abandoned connection cleanup thread" daemon [_thread_blocked, id=16100, stack(0x0000000019a80000,0x0000000019b80000)]
  0x0000000015a7d000 JavaThread "Service Thread" daemon [_thread_blocked, id=17088, stack(0x0000000017770000,0x0000000017870000)]
  0x0000000015a3c800 JavaThread "C1 CompilerThread2" daemon [_thread_blocked, id=624, stack(0x0000000017270000,0x0000000017370000)]
  0x0000000015a24800 JavaThread "C2 CompilerThread1" daemon [_thread_blocked, id=17320, stack(0x0000000017170000,0x0000000017270000)]
=>0x0000000015a20000 JavaThread "C2 CompilerThread0" daemon [_thread_in_native, id=16352, stack(0x0000000017070000,0x0000000017170000)]
  0x0000000015a1e800 JavaThread "Attach Listener" daemon [_thread_blocked, id=7944, stack(0x0000000016f70000,0x0000000017070000)]
  0x0000000015a1d800 JavaThread "Signal Dispatcher" daemon [_thread_blocked, id=16476, stack(0x0000000016e70000,0x0000000016f70000)]
  0x0000000015a0a800 JavaThread "Finalizer" daemon [_thread_blocked, id=6176, stack(0x0000000016c70000,0x0000000016d70000)]
  0x0000000003360000 JavaThread "Reference Handler" daemon [_thread_blocked, id=17004, stack(0x0000000016b70000,0x0000000016c70000)]
  0x000000000345e000 JavaThread "main" [_thread_in_native, id=7176, stack(0x00000000030d0000,0x00000000031d0000)]

Other Threads:
  0x00000000159e8000 VMThread [stack: 0x0000000016a70000,0x0000000016b70000] [id=4844]
  0x00000000173de800 WatcherThread [stack: 0x0000000017870000,0x0000000017970000] [id=14784]

VM state:not at safepoint (normal execution)

VM Mutex/Monitor currently owned by a thread: None

Heap:
 PSYoungGen      total 35328K, used 26845K [0x00000000eb500000, 0x00000000eda00000, 0x0000000100000000)
  eden space 32768K, 81% used [0x00000000eb500000,0x00000000ecf377c8,0x00000000ed500000)
  from space 2560K, 0% used [0x00000000ed500000,0x00000000ed500000,0x00000000ed780000)
  to   space 2560K, 0% used [0x00000000ed780000,0x00000000ed780000,0x00000000eda00000)
 ParOldGen       total 33280K, used 8166K [0x00000000c1e00000, 0x00000000c3e80000, 0x00000000eb500000)
  object space 33280K, 24% used [0x00000000c1e00000,0x00000000c25f98c0,0x00000000c3e80000)
 Metaspace       used 25685K, capacity 25952K, committed 26240K, reserved 1071104K
  class space    used 3634K, capacity 3704K, committed 3712K, reserved 1048576K

Card table byte_map: [0x0000000012820000,0x0000000012a20000] byte_map_base: 0x0000000012211000

Marking Bits: (ParMarkBitMap*) 0x0000000070c6d850
 Begin Bits: [0x0000000012f70000, 0x0000000013ef8000)
 End Bits:   [0x0000000013ef8000, 0x0000000014e80000)

Polling page: 0x0000000000ff0000

CodeCache: size=245760Kb used=4753Kb max_used=4757Kb free=241006Kb
 bounds [0x0000000003460000, 0x0000000003910000, 0x0000000012460000]
 total_blobs=1842 nmethods=1351 adapters=403
 compilation: enabled

Compilation events (10 events):
Event: 14.991 Thread 0x0000000015a3c800 1344       3       java.util.SubList$1::hasNext (20 bytes)
Event: 14.991 Thread 0x0000000015a3c800 nmethod 1344 0x00000000038f5290 code [0x00000000038f5400, 0x00000000038f5728]
Event: 14.991 Thread 0x0000000015a3c800 1345       3       java.util.SubList$1::nextIndex (18 bytes)
Event: 14.991 Thread 0x0000000015a3c800 nmethod 1345 0x00000000038f4dd0 code [0x00000000038f4f40, 0x00000000038f5188]
Event: 14.997 Thread 0x0000000015a3c800 1346       3       java.lang.Exception::<init> (7 bytes)
Event: 14.997 Thread 0x0000000015a3c800 nmethod 1346 0x00000000038f4a50 code [0x00000000038f4bc0, 0x00000000038f4d48]
Event: 15.000 Thread 0x0000000015a3c800 1347       3       java.lang.ReflectiveOperationException::<init> (7 bytes)
Event: 15.001 Thread 0x0000000015a3c800 nmethod 1347 0x00000000038f4610 code [0x00000000038f4780, 0x00000000038f4968]
Event: 15.006 Thread 0x0000000015a24800 1348       4       java.lang.ref.Finalizer::register (10 bytes)
Event: 15.010 Thread 0x0000000015a24800 nmethod 1348 0x00000000038f4010 code [0x00000000038f4180, 0x00000000038f44f8]

GC Heap History (10 events):
Event: 0.529 GC heap before
{Heap before GC invocations=2 (full 0):
 PSYoungGen      total 18944K, used 17007K [0x00000000eb500000, 0x00000000eca00000, 0x0000000100000000)
  eden space 16384K, 99% used [0x00000000eb500000,0x00000000ec4f8150,0x00000000ec500000)
  from space 2560K, 25% used [0x00000000ec500000,0x00000000ec5a3dd0,0x00000000ec780000)
  to   space 2560K, 0% used [0x00000000ec780000,0x00000000ec780000,0x00000000eca00000)
 ParOldGen       total 44032K, used 8K [0x00000000c1e00000, 0x00000000c4900000, 0x00000000eb500000)
  object space 44032K, 0% used [0x00000000c1e00000,0x00000000c1e02000,0x00000000c4900000)
 Metaspace       used 2702K, capacity 4486K, committed 4864K, reserved 1056768K
  class space    used 301K, capacity 386K, committed 512K, reserved 1048576K
Event: 0.531 GC heap after
Heap after GC invocations=2 (full 0):
 PSYoungGen      total 18944K, used 596K [0x00000000eb500000, 0x00000000eda00000, 0x0000000100000000)
  eden space 16384K, 0% used [0x00000000eb500000,0x00000000eb500000,0x00000000ec500000)
  from space 2560K, 23% used [0x00000000ec780000,0x00000000ec815240,0x00000000eca00000)
  to   space 2560K, 0% used [0x00000000ec500000,0x00000000ec500000,0x00000000ec780000)
 ParOldGen       total 44032K, used 8K [0x00000000c1e00000, 0x00000000c4900000, 0x00000000eb500000)
  object space 44032K, 0% used [0x00000000c1e00000,0x00000000c1e02000,0x00000000c4900000)
 Metaspace       used 2702K, capacity 4486K, committed 4864K, reserved 1056768K
  class space    used 301K, capacity 386K, committed 512K, reserved 1048576K
}
Event: 1.165 GC heap before
{Heap before GC invocations=3 (full 0):
 PSYoungGen      total 18944K, used 16980K [0x00000000eb500000, 0x00000000eda00000, 0x0000000100000000)
  eden space 16384K, 100% used [0x00000000eb500000,0x00000000ec500000,0x00000000ec500000)
  from space 2560K, 23% used [0x00000000ec780000,0x00000000ec815240,0x00000000eca00000)
  to   space 2560K, 0% used [0x00000000ec500000,0x00000000ec500000,0x00000000ec780000)
 ParOldGen       total 44032K, used 8K [0x00000000c1e00000, 0x00000000c4900000, 0x00000000eb500000)
  object space 44032K, 0% used [0x00000000c1e00000,0x00000000c1e02000,0x00000000c4900000)
 Metaspace       used 9233K, capacity 9408K, committed 9600K, reserved 1056768K
  class space    used 1237K, capacity 1304K, committed 1408K, reserved 1048576K
Event: 1.171 GC heap after
Heap after GC invocations=3 (full 0):
 PSYoungGen      total 18944K, used 2549K [0x00000000eb500000, 0x00000000eda00000, 0x0000000100000000)
  eden space 16384K, 0% used [0x00000000eb500000,0x00000000eb500000,0x00000000ec500000)
  from space 2560K, 99% used [0x00000000ec500000,0x00000000ec77d4c8,0x00000000ec780000)
  to   space 2560K, 0% used [0x00000000ed780000,0x00000000ed780000,0x00000000eda00000)
 ParOldGen       total 44032K, used 1291K [0x00000000c1e00000, 0x00000000c4900000, 0x00000000eb500000)
  object space 44032K, 2% used [0x00000000c1e00000,0x00000000c1f42ce0,0x00000000c4900000)
 Metaspace       used 9233K, capacity 9408K, committed 9600K, reserved 1056768K
  class space    used 1237K, capacity 1304K, committed 1408K, reserved 1048576K
}
Event: 2.619 GC heap before
{Heap before GC invocations=4 (full 0):
 PSYoungGen      total 18944K, used 18933K [0x00000000eb500000, 0x00000000eda00000, 0x0000000100000000)
  eden space 16384K, 100% used [0x00000000eb500000,0x00000000ec500000,0x00000000ec500000)
  from space 2560K, 99% used [0x00000000ec500000,0x00000000ec77d4c8,0x00000000ec780000)
  to   space 2560K, 0% used [0x00000000ed780000,0x00000000ed780000,0x00000000eda00000)
 ParOldGen       total 44032K, used 1291K [0x00000000c1e00000, 0x00000000c4900000, 0x00000000eb500000)
  object space 44032K, 2% used [0x00000000c1e00000,0x00000000c1f42ce0,0x00000000c4900000)
 Metaspace       used 15788K, capacity 16032K, committed 16384K, reserved 1062912K
  class space    used 2167K, capacity 2266K, committed 2304K, reserved 1048576K
Event: 2.627 GC heap after
Heap after GC invocations=4 (full 0):
 PSYoungGen      total 35328K, used 2528K [0x00000000eb500000, 0x00000000eda00000, 0x0000000100000000)
  eden space 32768K, 0% used [0x00000000eb500000,0x00000000eb500000,0x00000000ed500000)
  from space 2560K, 98% used [0x00000000ed780000,0x00000000ed9f81c8,0x00000000eda00000)
  to   space 2560K, 0% used [0x00000000ed500000,0x00000000ed500000,0x00000000ed780000)
 ParOldGen       total 44032K, used 3664K [0x00000000c1e00000, 0x00000000c4900000, 0x00000000eb500000)
  object space 44032K, 8% used [0x00000000c1e00000,0x00000000c21941f8,0x00000000c4900000)
 Metaspace       used 15788K, capacity 16032K, committed 16384K, reserved 1062912K
  class space    used 2167K, capacity 2266K, committed 2304K, reserved 1048576K
}
Event: 8.588 GC heap before
{Heap before GC invocations=5 (full 0):
 PSYoungGen      total 35328K, used 27641K [0x00000000eb500000, 0x00000000eda00000, 0x0000000100000000)
  eden space 32768K, 76% used [0x00000000eb500000,0x00000000ecd86350,0x00000000ed500000)
  from space 2560K, 98% used [0x00000000ed780000,0x00000000ed9f81c8,0x00000000eda00000)
  to   space 2560K, 0% used [0x00000000ed500000,0x00000000ed500000,0x00000000ed780000)
 ParOldGen       total 44032K, used 3664K [0x00000000c1e00000, 0x00000000c4900000, 0x00000000eb500000)
  object space 44032K, 8% used [0x00000000c1e00000,0x00000000c21941f8,0x00000000c4900000)
 Metaspace       used 20876K, capacity 21082K, committed 21296K, reserved 1067008K
  class space    used 2807K, capacity 2879K, committed 2944K, reserved 1048576K
Event: 8.609 GC heap after
Heap after GC invocations=5 (full 0):
 PSYoungGen      total 35328K, used 2528K [0x00000000eb500000, 0x00000000eda00000, 0x0000000100000000)
  eden space 32768K, 0% used [0x00000000eb500000,0x00000000eb500000,0x00000000ed500000)
  from space 2560K, 98% used [0x00000000ed500000,0x00000000ed7781f8,0x00000000ed780000)
  to   space 2560K, 0% used [0x00000000ed780000,0x00000000ed780000,0x00000000eda00000)
 ParOldGen       total 44032K, used 9077K [0x00000000c1e00000, 0x00000000c4900000, 0x00000000eb500000)
  object space 44032K, 20% used [0x00000000c1e00000,0x00000000c26dd488,0x00000000c4900000)
 Metaspace       used 20876K, capacity 21082K, committed 21296K, reserved 1067008K
  class space    used 2807K, capacity 2879K, committed 2944K, reserved 1048576K
}
Event: 8.609 GC heap before
{Heap before GC invocations=6 (full 1):
 PSYoungGen      total 35328K, used 2528K [0x00000000eb500000, 0x00000000eda00000, 0x0000000100000000)
  eden space 32768K, 0% used [0x00000000eb500000,0x00000000eb500000,0x00000000ed500000)
  from space 2560K, 98% used [0x00000000ed500000,0x00000000ed7781f8,0x00000000ed780000)
  to   space 2560K, 0% used [0x00000000ed780000,0x00000000ed780000,0x00000000eda00000)
 ParOldGen       total 44032K, used 9077K [0x00000000c1e00000, 0x00000000c4900000, 0x00000000eb500000)
  object space 44032K, 20% used [0x00000000c1e00000,0x00000000c26dd488,0x00000000c4900000)
 Metaspace       used 20876K, capacity 21082K, committed 21296K, reserved 1067008K
  class space    used 2807K, capacity 2879K, committed 2944K, reserved 1048576K
Event: 8.652 GC heap after
Heap after GC invocations=6 (full 1):
 PSYoungGen      total 35328K, used 0K [0x00000000eb500000, 0x00000000eda00000, 0x0000000100000000)
  eden space 32768K, 0% used [0x00000000eb500000,0x00000000eb500000,0x00000000ed500000)
  from space 2560K, 0% used [0x00000000ed500000,0x00000000ed500000,0x00000000ed780000)
  to   space 2560K, 0% used [0x00000000ed780000,0x00000000ed780000,0x00000000eda00000)
 ParOldGen       total 33280K, used 8166K [0x00000000c1e00000, 0x00000000c3e80000, 0x00000000eb500000)
  object space 33280K, 24% used [0x00000000c1e00000,0x00000000c25f98c0,0x00000000c3e80000)
 Metaspace       used 20876K, capacity 21082K, committed 21296K, reserved 1067008K
  class space    used 2807K, capacity 2879K, committed 2944K, reserved 1048576K
}

Deoptimization events (10 events):
Event: 1.132 Thread 0x000000000345e000 Uncommon trap: reason=unstable_if action=reinterpret pc=0x00000000036bdb44 method=java.util.HashMap.getNode(ILjava/lang/Object;)Ljava/util/HashMap$Node; @ 129
Event: 1.153 Thread 0x000000000345e000 Uncommon trap: reason=unstable_if action=reinterpret pc=0x00000000036c07f8 method=java.util.HashMap.getNode(ILjava/lang/Object;)Ljava/util/HashMap$Node; @ 129
Event: 1.158 Thread 0x000000000345e000 Uncommon trap: reason=range_check action=make_not_entrant pc=0x00000000036deda0 method=sun.reflect.generics.parser.SignatureParser.current()C @ 34
Event: 1.229 Thread 0x000000000345e000 Uncommon trap: reason=unstable_if action=reinterpret pc=0x00000000036d613c method=sun.misc.MetaIndex.mayContain(Ljava/lang/String;)Z @ 38
Event: 1.230 Thread 0x000000000345e000 Uncommon trap: reason=unstable_if action=reinterpret pc=0x0000000003627c74 method=sun.misc.MetaIndex.mayContain(Ljava/lang/String;)Z @ 38
Event: 1.298 Thread 0x000000000345e000 Uncommon trap: reason=unstable_if action=reinterpret pc=0x0000000003675ac8 method=java.lang.AbstractStringBuilder.append(Ljava/lang/String;)Ljava/lang/AbstractStringBuilder; @ 1
Event: 2.340 Thread 0x000000000345e000 Uncommon trap: reason=unstable_if action=reinterpret pc=0x0000000003795bc0 method=java.io.WinNTFileSystem.normalize(Ljava/lang/String;)Ljava/lang/String; @ 128
Event: 2.544 Thread 0x000000000345e000 Uncommon trap: reason=unstable_if action=reinterpret pc=0x0000000003723ac8 method=sun.nio.cs.UTF_8$Decoder.decode([BII[C)I @ 30
Event: 3.039 Thread 0x000000000345e000 Uncommon trap: reason=predicate action=maybe_recompile pc=0x0000000003727240 method=sun.net.www.ParseUtil.encodePath(Ljava/lang/String;Z)Ljava/lang/String; @ 36
Event: 3.878 Thread 0x000000000345e000 Uncommon trap: reason=bimorphic action=maybe_recompile pc=0x00000000037b2c3c method=java.util.HashMap.putVal(ILjava/lang/Object;Ljava/lang/Object;ZZ)Ljava/lang/Object; @ 203

Internal exceptions (10 events):
Event: 1.089 Thread 0x000000000345e000 Exception <a 'java/lang/NullPointerException'> (0x00000000ec38a438) thrown at [C:\re\workspace\8-2-build-windows-amd64-cygwin\jdk8u144\9417\hotspot\src\share\vm\interpreter\linkResolver.cpp, line 1299]
Event: 1.147 Thread 0x000000000345e000 Exception <a 'java/lang/ArrayIndexOutOfBoundsException'> (0x00000000ec4375d8) thrown at [C:\re\workspace\8-2-build-windows-amd64-cygwin\jdk8u144\9417\hotspot\src\share\vm\runtime\sharedRuntime.cpp, line 605]
Event: 1.147 Thread 0x000000000345e000 Exception <a 'java/lang/ArrayIndexOutOfBoundsException'> (0x00000000ec4388b0) thrown at [C:\re\workspace\8-2-build-windows-amd64-cygwin\jdk8u144\9417\hotspot\src\share\vm\runtime\sharedRuntime.cpp, line 605]
Event: 1.148 Thread 0x000000000345e000 Exception <a 'java/lang/ArrayIndexOutOfBoundsException'> (0x00000000ec439fc0) thrown at [C:\re\workspace\8-2-build-windows-amd64-cygwin\jdk8u144\9417\hotspot\src\share\vm\runtime\sharedRuntime.cpp, line 605]
Event: 1.158 Thread 0x000000000345e000 Exception <a 'java/lang/ArrayIndexOutOfBoundsException': 79> (0x00000000ec48add8) thrown at [C:\re\workspace\8-2-build-windows-amd64-cygwin\jdk8u144\9417\hotspot\src\share\vm\interpreter\interpreterRuntime.cpp, line 366]
Event: 1.159 Thread 0x000000000345e000 Exception <a 'java/lang/ArrayIndexOutOfBoundsException': 81> (0x00000000ec48bfd8) thrown at [C:\re\workspace\8-2-build-windows-amd64-cygwin\jdk8u144\9417\hotspot\src\share\vm\interpreter\interpreterRuntime.cpp, line 366]
Event: 1.159 Thread 0x000000000345e000 Exception <a 'java/lang/ArrayIndexOutOfBoundsException': 83> (0x00000000ec48cfa8) thrown at [C:\re\workspace\8-2-build-windows-amd64-cygwin\jdk8u144\9417\hotspot\src\share\vm\interpreter\interpreterRuntime.cpp, line 366]
Event: 1.159 Thread 0x000000000345e000 Exception <a 'java/lang/ArrayIndexOutOfBoundsException': 78> (0x00000000ec48df50) thrown at [C:\re\workspace\8-2-build-windows-amd64-cygwin\jdk8u144\9417\hotspot\src\share\vm\interpreter\interpreterRuntime.cpp, line 366]
Event: 1.159 Thread 0x000000000345e000 Exception <a 'java/lang/ArrayIndexOutOfBoundsException': 38> (0x00000000ec48ead8) thrown at [C:\re\workspace\8-2-build-windows-amd64-cygwin\jdk8u144\9417\hotspot\src\share\vm\interpreter\interpreterRuntime.cpp, line 366]
Event: 1.298 Thread 0x000000000345e000 Implicit null exception at 0x0000000003675716 to 0x0000000003675ab1

Events (10 events):
Event: 15.010 loading class org/hibernate/internal/EntityManagerMessageLogger_$logger_en_US done
Event: 15.010 loading class org/hibernate/internal/EntityManagerMessageLogger_$logger_en
Event: 15.010 loading class org/hibernate/internal/EntityManagerMessageLogger_$logger_en done
Event: 15.011 loading class org/hibernate/engine/spi/ActionQueue
Event: 15.011 loading class org/hibernate/engine/spi/ActionQueue done
Event: 15.013 loading class org/hibernate/action/internal/EntityActionVetoException
Event: 15.013 loading class org/hibernate/action/internal/EntityActionVetoException done
Event: 15.013 loading class java/io/ObjectOutput
Event: 15.014 loading class java/io/ObjectOutput done
Event: 15.014 loading class java/io/ObjectInput


Dynamic libraries:
0x00007ff7bb8c0000 - 0x00007ff7bb8f7000 	C:\Program Files\Java\jre1.8.0_144\bin\javaw.exe
0x00007fff4cec0000 - 0x00007fff4d0b0000 	C:\WINDOWS\SYSTEM32\ntdll.dll
0x00007fff4c560000 - 0x00007fff4c612000 	C:\WINDOWS\System32\KERNEL32.DLL
0x00007fff49e50000 - 0x00007fff4a0f3000 	C:\WINDOWS\System32\KERNELBASE.dll
0x00007fff4bed0000 - 0x00007fff4bf73000 	C:\WINDOWS\System32\ADVAPI32.dll
0x00007fff4b8d0000 - 0x00007fff4b96e000 	C:\WINDOWS\System32\msvcrt.dll
0x00007fff4bc40000 - 0x00007fff4bcd7000 	C:\WINDOWS\System32\sechost.dll
0x00007fff4aff0000 - 0x00007fff4b110000 	C:\WINDOWS\System32\RPCRT4.dll
0x00007fff4b630000 - 0x00007fff4b7c4000 	C:\WINDOWS\System32\USER32.dll
0x00007fff4a2b0000 - 0x00007fff4a2d1000 	C:\WINDOWS\System32\win32u.dll
0x00007fff4bea0000 - 0x00007fff4bec6000 	C:\WINDOWS\System32\GDI32.dll
0x00007fff4adb0000 - 0x00007fff4af44000 	C:\WINDOWS\System32\gdi32full.dll
0x00007fff4a4e0000 - 0x00007fff4a57e000 	C:\WINDOWS\System32\msvcp_win.dll
0x00007fff4a2e0000 - 0x00007fff4a3da000 	C:\WINDOWS\System32\ucrtbase.dll
0x00007fff2c980000 - 0x00007fff2cc05000 	C:\WINDOWS\WinSxS\amd64_microsoft.windows.common-controls_6595b64144ccf1df_6.0.18362.418_none_e6c6b287130d565d\COMCTL32.dll
0x00007fff4b2f0000 - 0x00007fff4b626000 	C:\WINDOWS\System32\combase.dll
0x00007fff4a5b0000 - 0x00007fff4a630000 	C:\WINDOWS\System32\bcryptPrimitives.dll
0x00007fff4c620000 - 0x00007fff4c64e000 	C:\WINDOWS\System32\IMM32.DLL
0x0000000070370000 - 0x0000000070442000 	C:\Program Files\Java\jre1.8.0_144\bin\msvcr100.dll
0x0000000070450000 - 0x0000000070ced000 	C:\Program Files\Java\jre1.8.0_144\bin\server\jvm.dll
0x00007fff4be90000 - 0x00007fff4be98000 	C:\WINDOWS\System32\PSAPI.DLL
0x00007fff44d00000 - 0x00007fff44d0a000 	C:\WINDOWS\SYSTEM32\VERSION.dll
0x00007fff40de0000 - 0x00007fff40e04000 	C:\WINDOWS\SYSTEM32\WINMM.dll
0x00007fff45370000 - 0x00007fff45379000 	C:\WINDOWS\SYSTEM32\WSOCK32.dll
0x00007fff40da0000 - 0x00007fff40dcd000 	C:\WINDOWS\SYSTEM32\winmmbase.dll
0x00007fff4c650000 - 0x00007fff4c6bf000 	C:\WINDOWS\System32\WS2_32.dll
0x00007fff4a3e0000 - 0x00007fff4a42a000 	C:\WINDOWS\System32\cfgmgr32.dll
0x0000000071280000 - 0x000000007128f000 	C:\Program Files\Java\jre1.8.0_144\bin\verify.dll
0x0000000070340000 - 0x0000000070369000 	C:\Program Files\Java\jre1.8.0_144\bin\java.dll
0x0000000070320000 - 0x0000000070336000 	C:\Program Files\Java\jre1.8.0_144\bin\zip.dll
0x00007fff4c6c0000 - 0x00007fff4cda5000 	C:\WINDOWS\System32\SHELL32.dll
0x00007fff4bb90000 - 0x00007fff4bc39000 	C:\WINDOWS\System32\shcore.dll
0x00007fff4a630000 - 0x00007fff4adaf000 	C:\WINDOWS\System32\windows.storage.dll
0x00007fff49dc0000 - 0x00007fff49ddf000 	C:\WINDOWS\System32\profapi.dll
0x00007fff49e00000 - 0x00007fff49e4a000 	C:\WINDOWS\System32\powrprof.dll
0x00007fff49d90000 - 0x00007fff49da0000 	C:\WINDOWS\System32\UMPDC.dll
0x00007fff4bf80000 - 0x00007fff4bfd2000 	C:\WINDOWS\System32\shlwapi.dll
0x00007fff49de0000 - 0x00007fff49df1000 	C:\WINDOWS\System32\kernel.appcore.dll
0x00007fff4af50000 - 0x00007fff4af67000 	C:\WINDOWS\System32\cryptsp.dll
0x00007fff49110000 - 0x00007fff49143000 	C:\WINDOWS\system32\rsaenh.dll
0x00007fff4a580000 - 0x00007fff4a5a6000 	C:\WINDOWS\System32\bcrypt.dll
0x00007fff49c80000 - 0x00007fff49ca5000 	C:\WINDOWS\SYSTEM32\USERENV.dll
0x00007fff49770000 - 0x00007fff4977c000 	C:\WINDOWS\SYSTEM32\CRYPTBASE.dll
0x0000000070300000 - 0x000000007031a000 	C:\Program Files\Java\jre1.8.0_144\bin\net.dll
0x00007fff495a0000 - 0x00007fff49607000 	C:\WINDOWS\system32\mswsock.dll
0x00007fff492b0000 - 0x00007fff492ea000 	C:\WINDOWS\SYSTEM32\IPHLPAPI.DLL
0x00007fff4b8c0000 - 0x00007fff4b8c8000 	C:\WINDOWS\System32\NSI.dll
0x00007fff43f70000 - 0x00007fff43f86000 	C:\WINDOWS\SYSTEM32\dhcpcsvc6.DLL
0x00007fff44340000 - 0x00007fff4435c000 	C:\WINDOWS\SYSTEM32\dhcpcsvc.DLL
0x00007fff492f0000 - 0x00007fff493ba000 	C:\WINDOWS\SYSTEM32\DNSAPI.dll
0x00000000702e0000 - 0x00000000702f1000 	C:\Program Files\Java\jre1.8.0_144\bin\nio.dll
0x00007fff3fcf0000 - 0x00007fff3fcfa000 	C:\Windows\System32\rasadhlp.dll
0x00007fff43910000 - 0x00007fff43987000 	C:\WINDOWS\System32\fwpuclnt.dll

VM Arguments:
jvm_args: -Dfile.encoding=UTF-8 
java_command: com.Term.Entity.service.TermService
java_class_path (initial): C:\Program Files\Java\jre1.8.0_144\lib\resources.jar;C:\Program Files\Java\jre1.8.0_144\lib\rt.jar;C:\Program Files\Java\jre1.8.0_144\lib\jsse.jar;C:\Program Files\Java\jre1.8.0_144\lib\jce.jar;C:\Program Files\Java\jre1.8.0_144\lib\charsets.jar;C:\Program Files\Java\jre1.8.0_144\lib\jfr.jar;C:\Program Files\Java\jre1.8.0_144\lib\ext\access-bridge-64.jar;C:\Program Files\Java\jre1.8.0_144\lib\ext\cldrdata.jar;C:\Program Files\Java\jre1.8.0_144\lib\ext\dnsns.jar;C:\Program Files\Java\jre1.8.0_144\lib\ext\jaccess.jar;C:\Program Files\Java\jre1.8.0_144\lib\ext\jfxrt.jar;C:\Program Files\Java\jre1.8.0_144\lib\ext\localedata.jar;C:\Program Files\Java\jre1.8.0_144\lib\ext\nashorn.jar;C:\Program Files\Java\jre1.8.0_144\lib\ext\sunec.jar;C:\Program Files\Java\jre1.8.0_144\lib\ext\sunjce_provider.jar;C:\Program Files\Java\jre1.8.0_144\lib\ext\sunmscapi.jar;C:\Program Files\Java\jre1.8.0_144\lib\ext\sunpkcs11.jar;C:\Program Files\Java\jre1.8.0_144\lib\ext\zipfs.jar;D:\Eclipse workspace\Term\target\classes;C:\Users\admin\.m2\repository\org\hibernate\hibernate-core\5.3.2.Final\hibernate-core-5.3.2.Final.jar;C:\Users\admin\.m2\repository\org\jboss\logging\jboss-logging\3.3.2.Final\jboss-logging-3.3.2.Final.jar;C:\Users\admin\.m2\repository\javax\persistence\javax.persistence-api\2.2\javax.persistence-api-2.2.jar;C:\Users\admin\.m2\repository\org\javassist\javassist\3.22.0-GA\javassist-3.22.0-GA.jar;C:\Users\admin\.m2\repository\net\bytebuddy\byte-buddy\1.8.12\byte-buddy-1.8.12.jar;C:\Users\admin\.m2\repository\antlr\antlr\2.7.7\antlr-2.7.7.jar;C:\Users\admin\.m2\repository\org\jboss\spec\javax\transaction\jboss-transaction-api_1.2_spec\1.1.1.Final\jboss-transaction-api_1.2_spec-1.1.1.Final.jar;C:\Users\admin\.m2\repository\org\jboss\jandex\2.0.5.Final\jandex-2.0.5.Final.jar;C:\Users\admin\.m2\repository\com\fasterxml\classmate\1.3.4\classmate-1.3.4.jar;C:\Users\admin\.m2\repository\javax\activation\javax.activation-api\1.2.0\javax.activation-api-1.2.
Launcher Type: SUN_STANDARD

Environment Variables:
PATH=C:/Program Files/Java/jre1.8.0_144/bin/server;C:/Program Files/Java/jre1.8.0_144/bin;C:/Program Files/Java/jre1.8.0_144/lib/amd64;C:\ProgramData\Oracle\Java\javapath;C:\WINDOWS\system32;C:\WINDOWS;C:\WINDOWS\System32\Wbem;C:\WINDOWS\System32\WindowsPowerShell\v1.0\;C:\ProgramData\chocolatey\bin;;C:\WINDOWS\System32\OpenSSH\;C:\Program Files\nodejs\;C:\Users\admin\AppData\Local\Microsoft\WindowsApps;D:\Java program files\apache-maven-3.5.0-bin\apache-maven-3.5.0\bin;C:\Users\admin\AppData\Roaming\npm;C:\Users\admin\AppData\Local\Programs\Microsoft VS Code\bin;D:\Java program files\eclipse;
USERNAME=admin
OS=Windows_NT
PROCESSOR_IDENTIFIER=Intel64 Family 6 Model 78 Stepping 3, GenuineIntel



---------------  S Y S T E M  ---------------

OS: Windows 10.0 , 64 bit Build 18362 (10.0.18362.329)

CPU:total 4 (initial active 4) (2 cores per cpu, 2 threads per core) family 6 model 78 stepping 3, cmov, cx8, fxsr, mmx, sse, sse2, sse3, ssse3, sse4.1, sse4.2, popcnt, avx, avx2, aes, clmul, erms, 3dnowpref, lzcnt, ht, tsc, tscinvbit, bmi1, bmi2, adx

Memory: 4k page, physical 4065932k(349764k free), swap 16648844k(5960k free)

vm_info: Java HotSpot(TM) 64-Bit Server VM (25.144-b01) for windows-amd64 JRE (1.8.0_144-b01), built on Jul 21 2017 21:57:33 by "java_re" with MS VC++ 10.0 (VS2010)

time: Tue Nov 05 12:47:49 2019
elapsed time: 15 seconds (0d 0h 0m 15s)

